Start Fold 1
[0]	train_prime-rmse:7.00137	test_prime-rmse:6.99812	train_prime-mae:3236.26	test_prime-mae:3230.13
Multiple eval metrics have been passed: 'test_prime-mae' will be used for early stopping.

Will train until test_prime-mae hasn't improved in 10 rounds.
[100]	train_prime-rmse:1.00028	test_prime-rmse:0.996466	train_prime-mae:2098.1	test_prime-mae:2088.2
[200]	train_prime-rmse:0.561531	test_prime-rmse:0.563431	train_prime-mae:1363.25	test_prime-mae:1362.76
[300]	train_prime-rmse:0.487375	test_prime-rmse:0.494314	train_prime-mae:1182.4	test_prime-mae:1196.53
[400]	train_prime-rmse:0.472927	test_prime-rmse:0.482807	train_prime-mae:1137.59	test_prime-mae:1160.94
[500]	train_prime-rmse:0.468092	test_prime-rmse:0.479934	train_prime-mae:1121.06	test_prime-mae:1150.9
[600]	train_prime-rmse:0.464943	test_prime-rmse:0.47847	train_prime-mae:1110.91	test_prime-mae:1145.88
[700]	train_prime-rmse:0.462925	test_prime-rmse:0.477607	train_prime-mae:1104.43	test_prime-mae:1142.84
[800]	train_prime-rmse:0.460948	test_prime-rmse:0.476886	train_prime-mae:1098.53	test_prime-mae:1140.55
[900]	train_prime-rmse:0.459282	test_prime-rmse:0.476326	train_prime-mae:1093.7	test_prime-mae:1138.8
[1000]	train_prime-rmse:0.457757	test_prime-rmse:0.475835	train_prime-mae:1089.24	test_prime-mae:1137.3
[1100]	train_prime-rmse:0.456495	test_prime-rmse:0.475479	train_prime-mae:1085.48	test_prime-mae:1136.19
[1200]	train_prime-rmse:0.4554	test_prime-rmse:0.475193	train_prime-mae:1082.33	test_prime-mae:1135.37
[1300]	train_prime-rmse:0.454375	test_prime-rmse:0.474933	train_prime-mae:1079.45	test_prime-mae:1134.57
[1400]	train_prime-rmse:0.453436	test_prime-rmse:0.474737	train_prime-mae:1076.83	test_prime-mae:1134
[1500]	train_prime-rmse:0.452502	test_prime-rmse:0.474561	train_prime-mae:1074.23	test_prime-mae:1133.49
[1600]	train_prime-rmse:0.451647	test_prime-rmse:0.4744	train_prime-mae:1071.79	test_prime-mae:1133.05
[1700]	train_prime-rmse:0.45091	test_prime-rmse:0.47428	train_prime-mae:1069.69	test_prime-mae:1132.67
[1800]	train_prime-rmse:0.450161	test_prime-rmse:0.474158	train_prime-mae:1067.59	test_prime-mae:1132.35
[1900]	train_prime-rmse:0.449501	test_prime-rmse:0.474076	train_prime-mae:1065.74	test_prime-mae:1132.05
[2000]	train_prime-rmse:0.448802	test_prime-rmse:0.473986	train_prime-mae:1063.82	test_prime-mae:1131.78
Stopping. Best iteration:
[2065]	train_prime-rmse:0.448402	test_prime-rmse:0.47392	train_prime-mae:1062.7	test_prime-mae:1131.6

best_score 1131.596069
best_iteration 2065
best_ntree_limit 2066
End Fold 1 in 699.9445767402649 s
Start Fold 2
[0]	train_prime-rmse:7.00048	test_prime-rmse:7.0026	train_prime-mae:3234.82	test_prime-mae:3235.87
Multiple eval metrics have been passed: 'test_prime-mae' will be used for early stopping.

Will train until test_prime-mae hasn't improved in 10 rounds.
[100]	train_prime-rmse:1.0002	test_prime-rmse:1.00217	train_prime-mae:2097.25	test_prime-mae:2099.8
[200]	train_prime-rmse:0.561781	test_prime-rmse:0.56589	train_prime-mae:1362.67	test_prime-mae:1372.96
[300]	train_prime-rmse:0.487646	test_prime-rmse:0.494056	train_prime-mae:1182.54	test_prime-mae:1199.25
[400]	train_prime-rmse:0.473177	test_prime-rmse:0.481568	train_prime-mae:1137.94	test_prime-mae:1159.62
[500]	train_prime-rmse:0.468329	test_prime-rmse:0.478427	train_prime-mae:1121.44	test_prime-mae:1147.91
[600]	train_prime-rmse:0.465346	test_prime-rmse:0.476966	train_prime-mae:1111.87	test_prime-mae:1142.56
[700]	train_prime-rmse:0.463113	test_prime-rmse:0.475991	train_prime-mae:1104.92	test_prime-mae:1139.12
[800]	train_prime-rmse:0.461232	test_prime-rmse:0.475322	train_prime-mae:1099.24	test_prime-mae:1136.8
[900]	train_prime-rmse:0.459579	test_prime-rmse:0.474767	train_prime-mae:1094.52	test_prime-mae:1135.08
[1000]	train_prime-rmse:0.45804	test_prime-rmse:0.474323	train_prime-mae:1090.08	test_prime-mae:1133.65
[1100]	train_prime-rmse:0.456768	test_prime-rmse:0.47399	train_prime-mae:1086.43	test_prime-mae:1132.51
[1200]	train_prime-rmse:0.455671	test_prime-rmse:0.473746	train_prime-mae:1083.32	test_prime-mae:1131.69
[1300]	train_prime-rmse:0.454602	test_prime-rmse:0.473532	train_prime-mae:1080.33	test_prime-mae:1130.99
[1400]	train_prime-rmse:0.453617	test_prime-rmse:0.473348	train_prime-mae:1077.62	test_prime-mae:1130.44
[1500]	train_prime-rmse:0.452635	test_prime-rmse:0.473208	train_prime-mae:1074.86	test_prime-mae:1130.02
Stopping. Best iteration:
[1498]	train_prime-rmse:0.452656	test_prime-rmse:0.473205	train_prime-mae:1074.93	test_prime-mae:1130.01

best_score 1130.006592
best_iteration 1498
best_ntree_limit 1499
End Fold 2 in 495.716331243515 s
Start Fold 3
[0]	train_prime-rmse:7.00039	test_prime-rmse:7.00276	train_prime-mae:3232.46	test_prime-mae:3245.31
Multiple eval metrics have been passed: 'test_prime-mae' will be used for early stopping.

Will train until test_prime-mae hasn't improved in 10 rounds.
[100]	train_prime-rmse:0.999605	test_prime-rmse:1.00675	train_prime-mae:2095	test_prime-mae:2110.29
[200]	train_prime-rmse:0.560812	test_prime-rmse:0.571328	train_prime-mae:1360.36	test_prime-mae:1385.38
[300]	train_prime-rmse:0.486766	test_prime-rmse:0.499275	train_prime-mae:1180.21	test_prime-mae:1212.69
[400]	train_prime-rmse:0.472206	test_prime-rmse:0.486378	train_prime-mae:1135.17	test_prime-mae:1173.42
[500]	train_prime-rmse:0.467213	test_prime-rmse:0.482979	train_prime-mae:1118.27	test_prime-mae:1161.16
[600]	train_prime-rmse:0.464266	test_prime-rmse:0.481491	train_prime-mae:1108.86	test_prime-mae:1155.71
[700]	train_prime-rmse:0.461997	test_prime-rmse:0.480485	train_prime-mae:1101.85	test_prime-mae:1152.13
[800]	train_prime-rmse:0.460099	test_prime-rmse:0.479772	train_prime-mae:1096.04	test_prime-mae:1149.59
[900]	train_prime-rmse:0.458519	test_prime-rmse:0.479239	train_prime-mae:1091.37	test_prime-mae:1147.71
[1000]	train_prime-rmse:0.457057	test_prime-rmse:0.478804	train_prime-mae:1087.09	test_prime-mae:1146.1
[1100]	train_prime-rmse:0.45585	test_prime-rmse:0.478494	train_prime-mae:1083.57	test_prime-mae:1144.95
[1200]	train_prime-rmse:0.454822	test_prime-rmse:0.478272	train_prime-mae:1080.6	test_prime-mae:1144.17
[1300]	train_prime-rmse:0.453769	test_prime-rmse:0.478056	train_prime-mae:1077.6	test_prime-mae:1143.42
[1400]	train_prime-rmse:0.452848	test_prime-rmse:0.477881	train_prime-mae:1075.04	test_prime-mae:1142.91
[1500]	train_prime-rmse:0.45191	test_prime-rmse:0.477741	train_prime-mae:1072.44	test_prime-mae:1142.4
[1600]	train_prime-rmse:0.451069	test_prime-rmse:0.47757	train_prime-mae:1070.05	test_prime-mae:1141.81
Stopping. Best iteration:
[1683]	train_prime-rmse:0.450445	test_prime-rmse:0.477489	train_prime-mae:1068.27	test_prime-mae:1141.44

best_score 1141.443359
best_iteration 1683
best_ntree_limit 1684
End Fold 3 in 557.5431544780731 s
Start Fold 4
[0]	train_prime-rmse:7.0022	test_prime-rmse:7.00212	train_prime-mae:3233.85	test_prime-mae:3239.78
Multiple eval metrics have been passed: 'test_prime-mae' will be used for early stopping.

Will train until test_prime-mae hasn't improved in 10 rounds.
[100]	train_prime-rmse:0.999832	test_prime-rmse:1.00163	train_prime-mae:2095.81	test_prime-mae:2102.97
[200]	train_prime-rmse:0.56111	test_prime-rmse:0.567785	train_prime-mae:1360.8	test_prime-mae:1379.2
[300]	train_prime-rmse:0.487039	test_prime-rmse:0.497514	train_prime-mae:1180.79	test_prime-mae:1207.19
[400]	train_prime-rmse:0.472541	test_prime-rmse:0.485601	train_prime-mae:1136.28	test_prime-mae:1169.1
[500]	train_prime-rmse:0.467784	test_prime-rmse:0.482701	train_prime-mae:1120.2	test_prime-mae:1157.83
[600]	train_prime-rmse:0.464735	test_prime-rmse:0.481331	train_prime-mae:1110.57	test_prime-mae:1152.54
[700]	train_prime-rmse:0.462371	test_prime-rmse:0.480409	train_prime-mae:1103.31	test_prime-mae:1148.99
[800]	train_prime-rmse:0.460567	test_prime-rmse:0.479799	train_prime-mae:1097.78	test_prime-mae:1146.74
[900]	train_prime-rmse:0.458861	test_prime-rmse:0.479266	train_prime-mae:1092.8	test_prime-mae:1144.92
[1000]	train_prime-rmse:0.457521	test_prime-rmse:0.478868	train_prime-mae:1088.89	test_prime-mae:1143.64
[1100]	train_prime-rmse:0.45616	test_prime-rmse:0.478471	train_prime-mae:1085.06	test_prime-mae:1142.37
[1200]	train_prime-rmse:0.45494	test_prime-rmse:0.478215	train_prime-mae:1081.55	test_prime-mae:1141.4
[1300]	train_prime-rmse:0.453963	test_prime-rmse:0.478024	train_prime-mae:1078.79	test_prime-mae:1140.72
[1400]	train_prime-rmse:0.452984	test_prime-rmse:0.477872	train_prime-mae:1076.05	test_prime-mae:1140.14
[1500]	train_prime-rmse:0.452093	test_prime-rmse:0.477739	train_prime-mae:1073.53	test_prime-mae:1139.62
[1600]	train_prime-rmse:0.451188	test_prime-rmse:0.477594	train_prime-mae:1071.01	test_prime-mae:1139.2
[1700]	train_prime-rmse:0.450436	test_prime-rmse:0.477502	train_prime-mae:1068.94	test_prime-mae:1138.8
[1800]	train_prime-rmse:0.449669	test_prime-rmse:0.477404	train_prime-mae:1066.85	test_prime-mae:1138.41
[1900]	train_prime-rmse:0.448943	test_prime-rmse:0.477307	train_prime-mae:1064.87	test_prime-mae:1138.02
[2000]	train_prime-rmse:0.448224	test_prime-rmse:0.477221	train_prime-mae:1062.92	test_prime-mae:1137.73
Stopping. Best iteration:
[2020]	train_prime-rmse:0.448107	test_prime-rmse:0.477207	train_prime-mae:1062.6	test_prime-mae:1137.65

best_score 1137.650757
best_iteration 2020
best_ntree_limit 2021
End Fold 4 in 681.6881124973297 s
Start Fold 5
[0]	train_prime-rmse:7.00251	test_prime-rmse:7.00156	train_prime-mae:3237.78	test_prime-mae:3224.07
Multiple eval metrics have been passed: 'test_prime-mae' will be used for early stopping.

Will train until test_prime-mae hasn't improved in 10 rounds.
[100]	train_prime-rmse:1.00076	test_prime-rmse:1.00138	train_prime-mae:2099.85	test_prime-mae:2090.9
[200]	train_prime-rmse:0.562105	test_prime-rmse:0.565809	train_prime-mae:1365.24	test_prime-mae:1365.83
[300]	train_prime-rmse:0.488065	test_prime-rmse:0.494468	train_prime-mae:1184.64	test_prime-mae:1195.18
[400]	train_prime-rmse:0.473603	test_prime-rmse:0.48216	train_prime-mae:1139.87	test_prime-mae:1157.66
[500]	train_prime-rmse:0.468785	test_prime-rmse:0.478996	train_prime-mae:1123.48	test_prime-mae:1146.44
[600]	train_prime-rmse:0.465705	test_prime-rmse:0.477499	train_prime-mae:1113.64	test_prime-mae:1141.23
[700]	train_prime-rmse:0.463399	test_prime-rmse:0.476523	train_prime-mae:1106.51	test_prime-mae:1137.85
[800]	train_prime-rmse:0.461488	test_prime-rmse:0.475814	train_prime-mae:1100.73	test_prime-mae:1135.36
[900]	train_prime-rmse:0.459792	test_prime-rmse:0.475213	train_prime-mae:1095.75	test_prime-mae:1133.26
[1000]	train_prime-rmse:0.458374	test_prime-rmse:0.474788	train_prime-mae:1091.67	test_prime-mae:1131.83
[1100]	train_prime-rmse:0.456976	test_prime-rmse:0.474392	train_prime-mae:1087.71	test_prime-mae:1130.6
[1200]	train_prime-rmse:0.455806	test_prime-rmse:0.4741	train_prime-mae:1084.3	test_prime-mae:1129.72
[1300]	train_prime-rmse:0.454807	test_prime-rmse:0.473875	train_prime-mae:1081.46	test_prime-mae:1129.06
[1400]	train_prime-rmse:0.453833	test_prime-rmse:0.473662	train_prime-mae:1078.61	test_prime-mae:1128.42
[1500]	train_prime-rmse:0.452945	test_prime-rmse:0.473507	train_prime-mae:1076.06	test_prime-mae:1127.89
[1600]	train_prime-rmse:0.452139	test_prime-rmse:0.473391	train_prime-mae:1073.79	test_prime-mae:1127.54
[1700]	train_prime-rmse:0.45135	test_prime-rmse:0.473279	train_prime-mae:1071.56	test_prime-mae:1127.12
Stopping. Best iteration:
[1728]	train_prime-rmse:0.451122	test_prime-rmse:0.473254	train_prime-mae:1070.9	test_prime-mae:1127.02

best_score 1127.022583
best_iteration 1728
best_ntree_limit 1729
End Fold 5 in 580.8459446430206 s
17910.17user 25.98system 50:23.79elapsed 593%CPU (0avgtext+0avgdata 1905008maxresident)k
240inputs+29472outputs (1major+13597973minor)pagefaults 0swaps
